2020-01-15 09:25:28.597  INFO 17876 --- [restartedMain] com.kxy.TsetDemo01Application            : Starting TsetDemo01Application on LAPTOP-RJ0L10TD with PID 17876 (D:\workspqce\TsetDemo01\target\classes started by kongxiaoyun in D:\workspqce\TsetDemo01)
2020-01-15 09:25:28.605  INFO 17876 --- [restartedMain] com.kxy.TsetDemo01Application            : No active profile set, falling back to default profiles: default
2020-01-15 09:25:28.664  INFO 17876 --- [restartedMain] .e.DevToolsPropertyDefaultsPostProcessor : Devtools property defaults active! Set 'spring.devtools.add-properties' to 'false' to disable
2020-01-15 09:25:28.665  INFO 17876 --- [restartedMain] .e.DevToolsPropertyDefaultsPostProcessor : For additional web related logging consider setting the 'logging.level.web' property to 'DEBUG'
2020-01-15 09:25:29.761  WARN 17876 --- [restartedMain] o.m.s.mapper.ClassPathMapperScanner      : Skipping MapperFactoryBean with name 'carMapper' and 'com.kxy.mapper.CarMapper' mapperInterface. Bean already defined with the same name!
2020-01-15 09:25:29.761  WARN 17876 --- [restartedMain] o.m.s.mapper.ClassPathMapperScanner      : Skipping MapperFactoryBean with name 'userMapper' and 'com.kxy.mapper.UserMapper' mapperInterface. Bean already defined with the same name!
2020-01-15 09:25:29.816  INFO 17876 --- [restartedMain] .s.d.r.c.RepositoryConfigurationDelegate : Multiple Spring Data modules found, entering strict repository configuration mode!
2020-01-15 09:25:29.818  INFO 17876 --- [restartedMain] .s.d.r.c.RepositoryConfigurationDelegate : Bootstrapping Spring Data repositories in DEFAULT mode.
2020-01-15 09:25:29.885  INFO 17876 --- [restartedMain] .s.d.r.c.RepositoryConfigurationDelegate : Finished Spring Data repository scanning in 49ms. Found 0 repository interfaces.
2020-01-15 09:25:30.265  INFO 17876 --- [restartedMain] trationDelegate$BeanPostProcessorChecker : Bean 'org.springframework.security.config.annotation.configuration.ObjectPostProcessorConfiguration' of type [org.springframework.security.config.annotation.configuration.ObjectPostProcessorConfiguration$$EnhancerBySpringCGLIB$$1ff771c3] is not eligible for getting processed by all BeanPostProcessors (for example: not eligible for auto-proxying)
2020-01-15 09:25:30.273  INFO 17876 --- [restartedMain] trationDelegate$BeanPostProcessorChecker : Bean 'org.springframework.transaction.annotation.ProxyTransactionManagementConfiguration' of type [org.springframework.transaction.annotation.ProxyTransactionManagementConfiguration$$EnhancerBySpringCGLIB$$8749a989] is not eligible for getting processed by all BeanPostProcessors (for example: not eligible for auto-proxying)
2020-01-15 09:25:30.294  INFO 17876 --- [restartedMain] trationDelegate$BeanPostProcessorChecker : Bean 'objectPostProcessor' of type [org.springframework.security.config.annotation.configuration.AutowireBeanFactoryObjectPostProcessor] is not eligible for getting processed by all BeanPostProcessors (for example: not eligible for auto-proxying)
2020-01-15 09:25:30.296  INFO 17876 --- [restartedMain] trationDelegate$BeanPostProcessorChecker : Bean 'org.springframework.security.access.expression.method.DefaultMethodSecurityExpressionHandler@26e077be' of type [org.springframework.security.access.expression.method.DefaultMethodSecurityExpressionHandler] is not eligible for getting processed by all BeanPostProcessors (for example: not eligible for auto-proxying)
2020-01-15 09:25:30.298  INFO 17876 --- [restartedMain] trationDelegate$BeanPostProcessorChecker : Bean 'org.springframework.security.config.annotation.method.configuration.GlobalMethodSecurityConfiguration' of type [org.springframework.security.config.annotation.method.configuration.GlobalMethodSecurityConfiguration$$EnhancerBySpringCGLIB$$44cc1475] is not eligible for getting processed by all BeanPostProcessors (for example: not eligible for auto-proxying)
2020-01-15 09:25:30.301  INFO 17876 --- [restartedMain] trationDelegate$BeanPostProcessorChecker : Bean 'methodSecurityMetadataSource' of type [org.springframework.security.access.method.DelegatingMethodSecurityMetadataSource] is not eligible for getting processed by all BeanPostProcessors (for example: not eligible for auto-proxying)
2020-01-15 09:25:30.364 ERROR 17876 --- [restartedMain] o.a.catalina.core.AprLifecycleListener   : An incompatible version [1.1.33] of the APR based Apache Tomcat Native library is installed, while Tomcat requires version [1.2.14]
2020-01-15 09:25:30.535 ERROR 17876 --- [restartedMain] o.a.catalina.core.AprLifecycleListener   : An incompatible version [1.1.33] of the APR based Apache Tomcat Native library is installed, while Tomcat requires version [1.2.14]
2020-01-15 09:25:30.779  INFO 17876 --- [restartedMain] o.s.b.w.embedded.tomcat.TomcatWebServer  : Tomcat initialized with port(s): 8080 (http)
2020-01-15 09:25:30.793 ERROR 17876 --- [restartedMain] o.a.catalina.core.AprLifecycleListener   : An incompatible version [1.1.33] of the APR based Apache Tomcat Native library is installed, while Tomcat requires version [1.2.14]
2020-01-15 09:25:30.802  INFO 17876 --- [restartedMain] o.apache.catalina.core.StandardService   : Starting service [Tomcat]
2020-01-15 09:25:30.802  INFO 17876 --- [restartedMain] org.apache.catalina.core.StandardEngine  : Starting Servlet engine: [Apache Tomcat/9.0.17]
2020-01-15 09:25:30.987  INFO 17876 --- [restartedMain] o.a.c.c.C.[Tomcat].[localhost].[/]       : Initializing Spring embedded WebApplicationContext
2020-01-15 09:25:30.988  INFO 17876 --- [restartedMain] o.s.web.context.ContextLoader            : Root WebApplicationContext: initialization completed in 2323 ms
2020-01-15 09:25:31.589  INFO 17876 --- [restartedMain] com.zaxxer.hikari.HikariDataSource       : HikariPool-1 - Starting...
2020-01-15 09:25:31.874  INFO 17876 --- [restartedMain] com.zaxxer.hikari.HikariDataSource       : HikariPool-1 - Start completed.
2020-01-15 09:25:32.392  INFO 17876 --- [restartedMain] o.s.s.web.DefaultSecurityFilterChain     : Creating filter chain: any request, [org.springframework.security.web.context.request.async.WebAsyncManagerIntegrationFilter@3cdeff1f, org.springframework.security.web.context.SecurityContextPersistenceFilter@27d1f79b, org.springframework.security.web.header.HeaderWriterFilter@1d1f0273, org.springframework.security.web.authentication.logout.LogoutFilter@182ef0c2, org.springframework.security.web.authentication.UsernamePasswordAuthenticationFilter@477959f2, org.springframework.security.web.authentication.ui.DefaultLoginPageGeneratingFilter@4efe306e, org.springframework.security.web.authentication.ui.DefaultLogoutPageGeneratingFilter@52e8be6b, org.springframework.security.web.savedrequest.RequestCacheAwareFilter@2f95e1ab, org.springframework.security.web.servletapi.SecurityContextHolderAwareRequestFilter@67045a90, org.springframework.security.web.authentication.AnonymousAuthenticationFilter@6bb8c65a, org.springframework.security.web.session.SessionManagementFilter@2ff6a08, org.springframework.security.web.access.ExceptionTranslationFilter@73c19a0e, org.springframework.security.web.access.intercept.FilterSecurityInterceptor@50f6944d]
2020-01-15 09:25:32.690  INFO 17876 --- [restartedMain] o.s.s.concurrent.ThreadPoolTaskExecutor  : Initializing ExecutorService 'applicationTaskExecutor'
2020-01-15 09:26:18.008  INFO 13340 --- [restartedMain] com.kxy.TsetDemo01Application            : Starting TsetDemo01Application on LAPTOP-RJ0L10TD with PID 13340 (D:\workspqce\TsetDemo01\target\classes started by kongxiaoyun in D:\workspqce\TsetDemo01)
2020-01-15 09:26:18.011  INFO 13340 --- [restartedMain] com.kxy.TsetDemo01Application            : No active profile set, falling back to default profiles: default
2020-01-15 09:26:18.056  INFO 13340 --- [restartedMain] .e.DevToolsPropertyDefaultsPostProcessor : Devtools property defaults active! Set 'spring.devtools.add-properties' to 'false' to disable
2020-01-15 09:26:18.056  INFO 13340 --- [restartedMain] .e.DevToolsPropertyDefaultsPostProcessor : For additional web related logging consider setting the 'logging.level.web' property to 'DEBUG'
2020-01-15 09:26:35.211  INFO 18420 --- [restartedMain] com.kxy.TsetDemo01Application            : Starting TsetDemo01Application on LAPTOP-RJ0L10TD with PID 18420 (D:\workspqce\TsetDemo01\target\classes started by kongxiaoyun in D:\workspqce\TsetDemo01)
2020-01-15 09:26:35.215  INFO 18420 --- [restartedMain] com.kxy.TsetDemo01Application            : No active profile set, falling back to default profiles: default
2020-01-15 09:26:35.259  INFO 18420 --- [restartedMain] .e.DevToolsPropertyDefaultsPostProcessor : Devtools property defaults active! Set 'spring.devtools.add-properties' to 'false' to disable
2020-01-15 09:26:35.259  INFO 18420 --- [restartedMain] .e.DevToolsPropertyDefaultsPostProcessor : For additional web related logging consider setting the 'logging.level.web' property to 'DEBUG'
2020-01-15 09:26:36.268  WARN 18420 --- [restartedMain] o.m.s.mapper.ClassPathMapperScanner      : Skipping MapperFactoryBean with name 'carMapper' and 'com.kxy.mapper.CarMapper' mapperInterface. Bean already defined with the same name!
2020-01-15 09:26:36.269  WARN 18420 --- [restartedMain] o.m.s.mapper.ClassPathMapperScanner      : Skipping MapperFactoryBean with name 'userMapper' and 'com.kxy.mapper.UserMapper' mapperInterface. Bean already defined with the same name!
2020-01-15 09:26:36.320  INFO 18420 --- [restartedMain] .s.d.r.c.RepositoryConfigurationDelegate : Multiple Spring Data modules found, entering strict repository configuration mode!
2020-01-15 09:26:36.322  INFO 18420 --- [restartedMain] .s.d.r.c.RepositoryConfigurationDelegate : Bootstrapping Spring Data repositories in DEFAULT mode.
2020-01-15 09:26:36.386  INFO 18420 --- [restartedMain] .s.d.r.c.RepositoryConfigurationDelegate : Finished Spring Data repository scanning in 49ms. Found 0 repository interfaces.
2020-01-15 09:26:36.795  INFO 18420 --- [restartedMain] trationDelegate$BeanPostProcessorChecker : Bean 'org.springframework.security.config.annotation.configuration.ObjectPostProcessorConfiguration' of type [org.springframework.security.config.annotation.configuration.ObjectPostProcessorConfiguration$$EnhancerBySpringCGLIB$$b72aca8f] is not eligible for getting processed by all BeanPostProcessors (for example: not eligible for auto-proxying)
2020-01-15 09:26:36.806  INFO 18420 --- [restartedMain] trationDelegate$BeanPostProcessorChecker : Bean 'org.springframework.transaction.annotation.ProxyTransactionManagementConfiguration' of type [org.springframework.transaction.annotation.ProxyTransactionManagementConfiguration$$EnhancerBySpringCGLIB$$1e7d0255] is not eligible for getting processed by all BeanPostProcessors (for example: not eligible for auto-proxying)
2020-01-15 09:26:36.828  INFO 18420 --- [restartedMain] trationDelegate$BeanPostProcessorChecker : Bean 'objectPostProcessor' of type [org.springframework.security.config.annotation.configuration.AutowireBeanFactoryObjectPostProcessor] is not eligible for getting processed by all BeanPostProcessors (for example: not eligible for auto-proxying)
2020-01-15 09:26:36.831  INFO 18420 --- [restartedMain] trationDelegate$BeanPostProcessorChecker : Bean 'org.springframework.security.access.expression.method.DefaultMethodSecurityExpressionHandler@77064f33' of type [org.springframework.security.access.expression.method.DefaultMethodSecurityExpressionHandler] is not eligible for getting processed by all BeanPostProcessors (for example: not eligible for auto-proxying)
2020-01-15 09:26:36.832  INFO 18420 --- [restartedMain] trationDelegate$BeanPostProcessorChecker : Bean 'org.springframework.security.config.annotation.method.configuration.GlobalMethodSecurityConfiguration' of type [org.springframework.security.config.annotation.method.configuration.GlobalMethodSecurityConfiguration$$EnhancerBySpringCGLIB$$dbff6d41] is not eligible for getting processed by all BeanPostProcessors (for example: not eligible for auto-proxying)
2020-01-15 09:26:36.836  INFO 18420 --- [restartedMain] trationDelegate$BeanPostProcessorChecker : Bean 'methodSecurityMetadataSource' of type [org.springframework.security.access.method.DelegatingMethodSecurityMetadataSource] is not eligible for getting processed by all BeanPostProcessors (for example: not eligible for auto-proxying)
2020-01-15 09:26:36.876 ERROR 18420 --- [restartedMain] o.a.catalina.core.AprLifecycleListener   : An incompatible version [1.1.33] of the APR based Apache Tomcat Native library is installed, while Tomcat requires version [1.2.14]
2020-01-15 09:26:37.059 ERROR 18420 --- [restartedMain] o.a.catalina.core.AprLifecycleListener   : An incompatible version [1.1.33] of the APR based Apache Tomcat Native library is installed, while Tomcat requires version [1.2.14]
2020-01-15 09:26:37.268  INFO 18420 --- [restartedMain] o.s.b.w.embedded.tomcat.TomcatWebServer  : Tomcat initialized with port(s): 8080 (http)
2020-01-15 09:26:37.282 ERROR 18420 --- [restartedMain] o.a.catalina.core.AprLifecycleListener   : An incompatible version [1.1.33] of the APR based Apache Tomcat Native library is installed, while Tomcat requires version [1.2.14]
2020-01-15 09:26:37.291  INFO 18420 --- [restartedMain] o.apache.catalina.core.StandardService   : Starting service [Tomcat]
2020-01-15 09:26:37.291  INFO 18420 --- [restartedMain] org.apache.catalina.core.StandardEngine  : Starting Servlet engine: [Apache Tomcat/9.0.17]
2020-01-15 09:26:37.472  INFO 18420 --- [restartedMain] o.a.c.c.C.[Tomcat].[localhost].[/]       : Initializing Spring embedded WebApplicationContext
2020-01-15 09:26:37.472  INFO 18420 --- [restartedMain] o.s.web.context.ContextLoader            : Root WebApplicationContext: initialization completed in 2212 ms
2020-01-15 09:26:38.200  INFO 18420 --- [restartedMain] com.zaxxer.hikari.HikariDataSource       : HikariPool-1 - Starting...
2020-01-15 09:26:38.315  INFO 18420 --- [restartedMain] com.zaxxer.hikari.HikariDataSource       : HikariPool-1 - Start completed.
2020-01-15 09:26:38.836  INFO 18420 --- [restartedMain] o.s.s.web.DefaultSecurityFilterChain     : Creating filter chain: any request, [org.springframework.security.web.context.request.async.WebAsyncManagerIntegrationFilter@254a69e3, org.springframework.security.web.context.SecurityContextPersistenceFilter@1189cd23, org.springframework.security.web.header.HeaderWriterFilter@22385bea, org.springframework.security.web.authentication.logout.LogoutFilter@3c8bb941, org.springframework.security.web.authentication.UsernamePasswordAuthenticationFilter@782fc8f4, org.springframework.security.web.authentication.ui.DefaultLoginPageGeneratingFilter@421627e1, org.springframework.security.web.authentication.ui.DefaultLogoutPageGeneratingFilter@1515890c, org.springframework.security.web.savedrequest.RequestCacheAwareFilter@52fa6ec4, org.springframework.security.web.servletapi.SecurityContextHolderAwareRequestFilter@7ac59faf, org.springframework.security.web.authentication.AnonymousAuthenticationFilter@68ebe774, org.springframework.security.web.session.SessionManagementFilter@171d63c1, org.springframework.security.web.access.ExceptionTranslationFilter@71c8d7e, org.springframework.security.web.access.intercept.FilterSecurityInterceptor@4cf808ef]
2020-01-15 09:26:39.093  INFO 18420 --- [restartedMain] o.s.s.concurrent.ThreadPoolTaskExecutor  : Initializing ExecutorService 'applicationTaskExecutor'
2020-01-15 09:26:39.249  INFO 18420 --- [restartedMain] t.m.m.autoconfigure.MapperCacheDisabler  : Clear tk.mybatis.mapper.util.MsUtil CLASS_CACHE cache.
2020-01-15 09:26:39.250  INFO 18420 --- [restartedMain] t.m.m.autoconfigure.MapperCacheDisabler  : Clear tk.mybatis.mapper.genid.GenIdUtil CACHE cache.
2020-01-15 09:26:39.250  INFO 18420 --- [restartedMain] t.m.m.autoconfigure.MapperCacheDisabler  : Clear tk.mybatis.mapper.version.VersionUtil CACHE cache.
2020-01-15 09:26:39.251  INFO 18420 --- [restartedMain] t.m.m.autoconfigure.MapperCacheDisabler  : Clear EntityHelper entityTableMap cache.
2020-01-15 09:26:39.633  INFO 18420 --- [restartedMain] io.lettuce.core.EpollProvider            : Starting without optional epoll library
2020-01-15 09:26:39.635  INFO 18420 --- [restartedMain] io.lettuce.core.KqueueProvider           : Starting without optional kqueue library
2020-01-15 09:26:41.280  INFO 18420 --- [restartedMain] o.s.b.d.a.OptionalLiveReloadServer       : LiveReload server is running on port 35729
2020-01-15 09:26:41.921  INFO 18420 --- [restartedMain] s.a.ScheduledAnnotationBeanPostProcessor : No TaskScheduler/ScheduledExecutorService bean found for scheduled processing
2020-01-15 09:26:41.958  INFO 18420 --- [restartedMain] o.s.b.w.embedded.tomcat.TomcatWebServer  : Tomcat started on port(s): 8080 (http) with context path ''
2020-01-15 09:26:41.962  INFO 18420 --- [restartedMain] com.kxy.TsetDemo01Application            : Started TsetDemo01Application in 7.139 seconds (JVM running for 9.741)
2020-01-15 09:27:11.075  INFO 20260 --- [restartedMain] com.kxy.TsetDemo01Application            : Starting TsetDemo01Application on LAPTOP-RJ0L10TD with PID 20260 (D:\workspqce\TsetDemo01\target\classes started by kongxiaoyun in D:\workspqce\TsetDemo01)
2020-01-15 09:27:11.080  INFO 20260 --- [restartedMain] com.kxy.TsetDemo01Application            : No active profile set, falling back to default profiles: default
2020-01-15 09:27:11.125  INFO 20260 --- [restartedMain] .e.DevToolsPropertyDefaultsPostProcessor : Devtools property defaults active! Set 'spring.devtools.add-properties' to 'false' to disable
2020-01-15 09:27:11.125  INFO 20260 --- [restartedMain] .e.DevToolsPropertyDefaultsPostProcessor : For additional web related logging consider setting the 'logging.level.web' property to 'DEBUG'
2020-01-15 09:27:12.129  WARN 20260 --- [restartedMain] o.m.s.mapper.ClassPathMapperScanner      : Skipping MapperFactoryBean with name 'carMapper' and 'com.kxy.mapper.CarMapper' mapperInterface. Bean already defined with the same name!
2020-01-15 09:27:12.130  WARN 20260 --- [restartedMain] o.m.s.mapper.ClassPathMapperScanner      : Skipping MapperFactoryBean with name 'userMapper' and 'com.kxy.mapper.UserMapper' mapperInterface. Bean already defined with the same name!
2020-01-15 09:27:12.182  INFO 20260 --- [restartedMain] .s.d.r.c.RepositoryConfigurationDelegate : Multiple Spring Data modules found, entering strict repository configuration mode!
2020-01-15 09:27:12.185  INFO 20260 --- [restartedMain] .s.d.r.c.RepositoryConfigurationDelegate : Bootstrapping Spring Data repositories in DEFAULT mode.
2020-01-15 09:27:12.248  INFO 20260 --- [restartedMain] .s.d.r.c.RepositoryConfigurationDelegate : Finished Spring Data repository scanning in 50ms. Found 0 repository interfaces.
2020-01-15 09:27:12.657  INFO 20260 --- [restartedMain] trationDelegate$BeanPostProcessorChecker : Bean 'org.springframework.security.config.annotation.configuration.ObjectPostProcessorConfiguration' of type [org.springframework.security.config.annotation.configuration.ObjectPostProcessorConfiguration$$EnhancerBySpringCGLIB$$f14489d4] is not eligible for getting processed by all BeanPostProcessors (for example: not eligible for auto-proxying)
2020-01-15 09:27:12.669  INFO 20260 --- [restartedMain] trationDelegate$BeanPostProcessorChecker : Bean 'org.springframework.transaction.annotation.ProxyTransactionManagementConfiguration' of type [org.springframework.transaction.annotation.ProxyTransactionManagementConfiguration$$EnhancerBySpringCGLIB$$5896c19a] is not eligible for getting processed by all BeanPostProcessors (for example: not eligible for auto-proxying)
2020-01-15 09:27:12.691  INFO 20260 --- [restartedMain] trationDelegate$BeanPostProcessorChecker : Bean 'objectPostProcessor' of type [org.springframework.security.config.annotation.configuration.AutowireBeanFactoryObjectPostProcessor] is not eligible for getting processed by all BeanPostProcessors (for example: not eligible for auto-proxying)
2020-01-15 09:27:12.694  INFO 20260 --- [restartedMain] trationDelegate$BeanPostProcessorChecker : Bean 'org.springframework.security.access.expression.method.DefaultMethodSecurityExpressionHandler@40e9b0d4' of type [org.springframework.security.access.expression.method.DefaultMethodSecurityExpressionHandler] is not eligible for getting processed by all BeanPostProcessors (for example: not eligible for auto-proxying)
2020-01-15 09:27:12.695  INFO 20260 --- [restartedMain] trationDelegate$BeanPostProcessorChecker : Bean 'org.springframework.security.config.annotation.method.configuration.GlobalMethodSecurityConfiguration' of type [org.springframework.security.config.annotation.method.configuration.GlobalMethodSecurityConfiguration$$EnhancerBySpringCGLIB$$16192c86] is not eligible for getting processed by all BeanPostProcessors (for example: not eligible for auto-proxying)
2020-01-15 09:27:12.698  INFO 20260 --- [restartedMain] trationDelegate$BeanPostProcessorChecker : Bean 'methodSecurityMetadataSource' of type [org.springframework.security.access.method.DelegatingMethodSecurityMetadataSource] is not eligible for getting processed by all BeanPostProcessors (for example: not eligible for auto-proxying)
2020-01-15 09:27:12.737 ERROR 20260 --- [restartedMain] o.a.catalina.core.AprLifecycleListener   : An incompatible version [1.1.33] of the APR based Apache Tomcat Native library is installed, while Tomcat requires version [1.2.14]
2020-01-15 09:27:12.918 ERROR 20260 --- [restartedMain] o.a.catalina.core.AprLifecycleListener   : An incompatible version [1.1.33] of the APR based Apache Tomcat Native library is installed, while Tomcat requires version [1.2.14]
2020-01-15 09:27:13.127  INFO 20260 --- [restartedMain] o.s.b.w.embedded.tomcat.TomcatWebServer  : Tomcat initialized with port(s): 8080 (http)
2020-01-15 09:27:13.141 ERROR 20260 --- [restartedMain] o.a.catalina.core.AprLifecycleListener   : An incompatible version [1.1.33] of the APR based Apache Tomcat Native library is installed, while Tomcat requires version [1.2.14]
2020-01-15 09:27:13.149  INFO 20260 --- [restartedMain] o.apache.catalina.core.StandardService   : Starting service [Tomcat]
2020-01-15 09:27:13.149  INFO 20260 --- [restartedMain] org.apache.catalina.core.StandardEngine  : Starting Servlet engine: [Apache Tomcat/9.0.17]
2020-01-15 09:27:13.345  INFO 20260 --- [restartedMain] o.a.c.c.C.[Tomcat].[localhost].[/]       : Initializing Spring embedded WebApplicationContext
2020-01-15 09:27:13.345  INFO 20260 --- [restartedMain] o.s.web.context.ContextLoader            : Root WebApplicationContext: initialization completed in 2220 ms
2020-01-15 09:27:13.903  INFO 20260 --- [restartedMain] com.zaxxer.hikari.HikariDataSource       : HikariPool-1 - Starting...
2020-01-15 09:27:14.020  INFO 20260 --- [restartedMain] com.zaxxer.hikari.HikariDataSource       : HikariPool-1 - Start completed.
2020-01-15 09:27:14.540  INFO 20260 --- [restartedMain] o.s.s.web.DefaultSecurityFilterChain     : Creating filter chain: any request, [org.springframework.security.web.context.request.async.WebAsyncManagerIntegrationFilter@cae18fb, org.springframework.security.web.context.SecurityContextPersistenceFilter@4a84519e, org.springframework.security.web.header.HeaderWriterFilter@2a8bed89, org.springframework.security.web.authentication.logout.LogoutFilter@77a4f2f9, org.springframework.security.web.authentication.UsernamePasswordAuthenticationFilter@5fb04ba4, org.springframework.security.web.authentication.ui.DefaultLoginPageGeneratingFilter@1515890c, org.springframework.security.web.authentication.ui.DefaultLogoutPageGeneratingFilter@55ac1b59, org.springframework.security.web.savedrequest.RequestCacheAwareFilter@4cf808ef, org.springframework.security.web.servletapi.SecurityContextHolderAwareRequestFilter@254a69e3, org.springframework.security.web.authentication.AnonymousAuthenticationFilter@664afc29, org.springframework.security.web.session.SessionManagementFilter@5a543b64, org.springframework.security.web.access.ExceptionTranslationFilter@f086bae, org.springframework.security.web.access.intercept.FilterSecurityInterceptor@1d125f09]
2020-01-15 09:27:14.796  INFO 20260 --- [restartedMain] o.s.s.concurrent.ThreadPoolTaskExecutor  : Initializing ExecutorService 'applicationTaskExecutor'
2020-01-15 09:27:14.959  INFO 20260 --- [restartedMain] t.m.m.autoconfigure.MapperCacheDisabler  : Clear tk.mybatis.mapper.util.MsUtil CLASS_CACHE cache.
2020-01-15 09:27:14.960  INFO 20260 --- [restartedMain] t.m.m.autoconfigure.MapperCacheDisabler  : Clear tk.mybatis.mapper.genid.GenIdUtil CACHE cache.
2020-01-15 09:27:14.960  INFO 20260 --- [restartedMain] t.m.m.autoconfigure.MapperCacheDisabler  : Clear tk.mybatis.mapper.version.VersionUtil CACHE cache.
2020-01-15 09:27:14.961  INFO 20260 --- [restartedMain] t.m.m.autoconfigure.MapperCacheDisabler  : Clear EntityHelper entityTableMap cache.
2020-01-15 09:27:15.291  INFO 20260 --- [restartedMain] io.lettuce.core.EpollProvider            : Starting without optional epoll library
2020-01-15 09:27:15.293  INFO 20260 --- [restartedMain] io.lettuce.core.KqueueProvider           : Starting without optional kqueue library
2020-01-15 09:27:16.815  INFO 20260 --- [restartedMain] o.s.b.d.a.OptionalLiveReloadServer       : LiveReload server is running on port 35729
2020-01-15 09:27:17.442  INFO 20260 --- [restartedMain] s.a.ScheduledAnnotationBeanPostProcessor : No TaskScheduler/ScheduledExecutorService bean found for scheduled processing
2020-01-15 09:27:17.475  INFO 20260 --- [restartedMain] o.s.b.w.embedded.tomcat.TomcatWebServer  : Tomcat started on port(s): 8080 (http) with context path ''
2020-01-15 09:27:17.479  INFO 20260 --- [restartedMain] com.kxy.TsetDemo01Application            : Started TsetDemo01Application in 6.79 seconds (JVM running for 8.594)
2020-01-15 09:29:40.252  INFO 12052 --- [restartedMain] com.kxy.TsetDemo01Application            : Starting TsetDemo01Application on LAPTOP-RJ0L10TD with PID 12052 (D:\workspqce\TsetDemo01\target\classes started by kongxiaoyun in D:\workspqce\TsetDemo01)
2020-01-15 09:29:40.257  INFO 12052 --- [restartedMain] com.kxy.TsetDemo01Application            : No active profile set, falling back to default profiles: default
2020-01-15 09:29:40.323  INFO 12052 --- [restartedMain] .e.DevToolsPropertyDefaultsPostProcessor : Devtools property defaults active! Set 'spring.devtools.add-properties' to 'false' to disable
2020-01-15 09:29:40.324  INFO 12052 --- [restartedMain] .e.DevToolsPropertyDefaultsPostProcessor : For additional web related logging consider setting the 'logging.level.web' property to 'DEBUG'
2020-01-15 09:29:41.427  WARN 12052 --- [restartedMain] o.m.s.mapper.ClassPathMapperScanner      : Skipping MapperFactoryBean with name 'carMapper' and 'com.kxy.mapper.CarMapper' mapperInterface. Bean already defined with the same name!
2020-01-15 09:29:41.428  WARN 12052 --- [restartedMain] o.m.s.mapper.ClassPathMapperScanner      : Skipping MapperFactoryBean with name 'userMapper' and 'com.kxy.mapper.UserMapper' mapperInterface. Bean already defined with the same name!
2020-01-15 09:29:41.486  INFO 12052 --- [restartedMain] .s.d.r.c.RepositoryConfigurationDelegate : Multiple Spring Data modules found, entering strict repository configuration mode!
2020-01-15 09:29:41.489  INFO 12052 --- [restartedMain] .s.d.r.c.RepositoryConfigurationDelegate : Bootstrapping Spring Data repositories in DEFAULT mode.
2020-01-15 09:29:41.556  INFO 12052 --- [restartedMain] .s.d.r.c.RepositoryConfigurationDelegate : Finished Spring Data repository scanning in 54ms. Found 0 repository interfaces.
2020-01-15 09:29:42.166  INFO 12052 --- [restartedMain] trationDelegate$BeanPostProcessorChecker : Bean 'org.springframework.security.config.annotation.configuration.ObjectPostProcessorConfiguration' of type [org.springframework.security.config.annotation.configuration.ObjectPostProcessorConfiguration$$EnhancerBySpringCGLIB$$17daf18] is not eligible for getting processed by all BeanPostProcessors (for example: not eligible for auto-proxying)
2020-01-15 09:29:42.177  INFO 12052 --- [restartedMain] trationDelegate$BeanPostProcessorChecker : Bean 'org.springframework.transaction.annotation.ProxyTransactionManagementConfiguration' of type [org.springframework.transaction.annotation.ProxyTransactionManagementConfiguration$$EnhancerBySpringCGLIB$$68cfe6de] is not eligible for getting processed by all BeanPostProcessors (for example: not eligible for auto-proxying)
2020-01-15 09:29:42.200  INFO 12052 --- [restartedMain] trationDelegate$BeanPostProcessorChecker : Bean 'objectPostProcessor' of type [org.springframework.security.config.annotation.configuration.AutowireBeanFactoryObjectPostProcessor] is not eligible for getting processed by all BeanPostProcessors (for example: not eligible for auto-proxying)
2020-01-15 09:29:42.203  INFO 12052 --- [restartedMain] trationDelegate$BeanPostProcessorChecker : Bean 'org.springframework.security.access.expression.method.DefaultMethodSecurityExpressionHandler@98fa9f5' of type [org.springframework.security.access.expression.method.DefaultMethodSecurityExpressionHandler] is not eligible for getting processed by all BeanPostProcessors (for example: not eligible for auto-proxying)
2020-01-15 09:29:42.205  INFO 12052 --- [restartedMain] trationDelegate$BeanPostProcessorChecker : Bean 'org.springframework.security.config.annotation.method.configuration.GlobalMethodSecurityConfiguration' of type [org.springframework.security.config.annotation.method.configuration.GlobalMethodSecurityConfiguration$$EnhancerBySpringCGLIB$$265251ca] is not eligible for getting processed by all BeanPostProcessors (for example: not eligible for auto-proxying)
2020-01-15 09:29:42.209  INFO 12052 --- [restartedMain] trationDelegate$BeanPostProcessorChecker : Bean 'methodSecurityMetadataSource' of type [org.springframework.security.access.method.DelegatingMethodSecurityMetadataSource] is not eligible for getting processed by all BeanPostProcessors (for example: not eligible for auto-proxying)
2020-01-15 09:29:42.249 ERROR 12052 --- [restartedMain] o.a.catalina.core.AprLifecycleListener   : An incompatible version [1.1.33] of the APR based Apache Tomcat Native library is installed, while Tomcat requires version [1.2.14]
2020-01-15 10:12:23.063  INFO 14568 --- [restartedMain] com.kxy.TsetDemo01Application            : Starting TsetDemo01Application on LAPTOP-RJ0L10TD with PID 14568 (D:\workspqce\TsetDemo01\target\classes started by kongxiaoyun in D:\workspqce\TsetDemo01)
2020-01-15 10:12:23.066  INFO 14568 --- [restartedMain] com.kxy.TsetDemo01Application            : No active profile set, falling back to default profiles: default
2020-01-15 10:12:23.105  INFO 14568 --- [restartedMain] .e.DevToolsPropertyDefaultsPostProcessor : Devtools property defaults active! Set 'spring.devtools.add-properties' to 'false' to disable
2020-01-15 10:12:23.105  INFO 14568 --- [restartedMain] .e.DevToolsPropertyDefaultsPostProcessor : For additional web related logging consider setting the 'logging.level.web' property to 'DEBUG'
2020-01-15 10:12:23.942  WARN 14568 --- [restartedMain] o.m.s.mapper.ClassPathMapperScanner      : Skipping MapperFactoryBean with name 'carMapper' and 'com.kxy.mapper.CarMapper' mapperInterface. Bean already defined with the same name!
2020-01-15 10:12:23.942  WARN 14568 --- [restartedMain] o.m.s.mapper.ClassPathMapperScanner      : Skipping MapperFactoryBean with name 'userMapper' and 'com.kxy.mapper.UserMapper' mapperInterface. Bean already defined with the same name!
2020-01-15 10:12:23.987  INFO 14568 --- [restartedMain] .s.d.r.c.RepositoryConfigurationDelegate : Multiple Spring Data modules found, entering strict repository configuration mode!
2020-01-15 10:12:23.989  INFO 14568 --- [restartedMain] .s.d.r.c.RepositoryConfigurationDelegate : Bootstrapping Spring Data repositories in DEFAULT mode.
2020-01-15 10:12:24.048  INFO 14568 --- [restartedMain] .s.d.r.c.RepositoryConfigurationDelegate : Finished Spring Data repository scanning in 48ms. Found 0 repository interfaces.
2020-01-15 10:12:24.398  INFO 14568 --- [restartedMain] trationDelegate$BeanPostProcessorChecker : Bean 'org.springframework.security.config.annotation.configuration.ObjectPostProcessorConfiguration' of type [org.springframework.security.config.annotation.configuration.ObjectPostProcessorConfiguration$$EnhancerBySpringCGLIB$$dd28fe55] is not eligible for getting processed by all BeanPostProcessors (for example: not eligible for auto-proxying)
2020-01-15 10:12:24.407  INFO 14568 --- [restartedMain] trationDelegate$BeanPostProcessorChecker : Bean 'org.springframework.transaction.annotation.ProxyTransactionManagementConfiguration' of type [org.springframework.transaction.annotation.ProxyTransactionManagementConfiguration$$EnhancerBySpringCGLIB$$447b361b] is not eligible for getting processed by all BeanPostProcessors (for example: not eligible for auto-proxying)
2020-01-15 10:12:24.426  INFO 14568 --- [restartedMain] trationDelegate$BeanPostProcessorChecker : Bean 'objectPostProcessor' of type [org.springframework.security.config.annotation.configuration.AutowireBeanFactoryObjectPostProcessor] is not eligible for getting processed by all BeanPostProcessors (for example: not eligible for auto-proxying)
2020-01-15 10:12:24.428  INFO 14568 --- [restartedMain] trationDelegate$BeanPostProcessorChecker : Bean 'org.springframework.security.access.expression.method.DefaultMethodSecurityExpressionHandler@4df06251' of type [org.springframework.security.access.expression.method.DefaultMethodSecurityExpressionHandler] is not eligible for getting processed by all BeanPostProcessors (for example: not eligible for auto-proxying)
2020-01-15 10:12:24.431  INFO 14568 --- [restartedMain] trationDelegate$BeanPostProcessorChecker : Bean 'org.springframework.security.config.annotation.method.configuration.GlobalMethodSecurityConfiguration' of type [org.springframework.security.config.annotation.method.configuration.GlobalMethodSecurityConfiguration$$EnhancerBySpringCGLIB$$1fda107] is not eligible for getting processed by all BeanPostProcessors (for example: not eligible for auto-proxying)
2020-01-15 10:12:24.434  INFO 14568 --- [restartedMain] trationDelegate$BeanPostProcessorChecker : Bean 'methodSecurityMetadataSource' of type [org.springframework.security.access.method.DelegatingMethodSecurityMetadataSource] is not eligible for getting processed by all BeanPostProcessors (for example: not eligible for auto-proxying)
2020-01-15 10:12:24.464 ERROR 14568 --- [restartedMain] o.a.catalina.core.AprLifecycleListener   : An incompatible version [1.1.33] of the APR based Apache Tomcat Native library is installed, while Tomcat requires version [1.2.14]
2020-01-15 10:12:24.630 ERROR 14568 --- [restartedMain] o.a.catalina.core.AprLifecycleListener   : An incompatible version [1.1.33] of the APR based Apache Tomcat Native library is installed, while Tomcat requires version [1.2.14]
2020-01-15 10:12:24.821  INFO 14568 --- [restartedMain] o.s.b.w.embedded.tomcat.TomcatWebServer  : Tomcat initialized with port(s): 8080 (http)
2020-01-15 10:12:24.834 ERROR 14568 --- [restartedMain] o.a.catalina.core.AprLifecycleListener   : An incompatible version [1.1.33] of the APR based Apache Tomcat Native library is installed, while Tomcat requires version [1.2.14]
2020-01-15 10:12:24.841  INFO 14568 --- [restartedMain] o.apache.catalina.core.StandardService   : Starting service [Tomcat]
2020-01-15 10:12:24.841  INFO 14568 --- [restartedMain] org.apache.catalina.core.StandardEngine  : Starting Servlet engine: [Apache Tomcat/9.0.17]
2020-01-15 10:12:25.009  INFO 14568 --- [restartedMain] o.a.c.c.C.[Tomcat].[localhost].[/]       : Initializing Spring embedded WebApplicationContext
2020-01-15 10:12:25.010  INFO 14568 --- [restartedMain] o.s.web.context.ContextLoader            : Root WebApplicationContext: initialization completed in 1905 ms
2020-01-15 10:12:25.512  INFO 14568 --- [restartedMain] com.zaxxer.hikari.HikariDataSource       : HikariPool-1 - Starting...
2020-01-15 10:12:25.609  INFO 14568 --- [restartedMain] com.zaxxer.hikari.HikariDataSource       : HikariPool-1 - Start completed.
2020-01-15 10:12:26.037  INFO 14568 --- [restartedMain] o.s.s.web.DefaultSecurityFilterChain     : Creating filter chain: any request, [org.springframework.security.web.context.request.async.WebAsyncManagerIntegrationFilter@458b5ba0, org.springframework.security.web.context.SecurityContextPersistenceFilter@36b3ec13, org.springframework.security.web.header.HeaderWriterFilter@4ce51348, org.springframework.security.web.authentication.logout.LogoutFilter@cbcfc79, org.springframework.security.web.authentication.UsernamePasswordAuthenticationFilter@50fe3b4c, org.springframework.security.web.authentication.ui.DefaultLoginPageGeneratingFilter@7bddaba2, org.springframework.security.web.authentication.ui.DefaultLogoutPageGeneratingFilter@b9b7c09, org.springframework.security.web.savedrequest.RequestCacheAwareFilter@1e0d1025, org.springframework.security.web.servletapi.SecurityContextHolderAwareRequestFilter@55e4b325, org.springframework.security.web.authentication.AnonymousAuthenticationFilter@586707a3, org.springframework.security.web.session.SessionManagementFilter@5756580e, org.springframework.security.web.access.ExceptionTranslationFilter@19cba05f, org.springframework.security.web.access.intercept.FilterSecurityInterceptor@45a58c5]
2020-01-15 10:12:26.256  INFO 14568 --- [restartedMain] o.s.s.concurrent.ThreadPoolTaskExecutor  : Initializing ExecutorService 'applicationTaskExecutor'
2020-01-15 10:12:26.382  INFO 14568 --- [restartedMain] t.m.m.autoconfigure.MapperCacheDisabler  : Clear tk.mybatis.mapper.util.MsUtil CLASS_CACHE cache.
2020-01-15 10:12:26.383  INFO 14568 --- [restartedMain] t.m.m.autoconfigure.MapperCacheDisabler  : Clear tk.mybatis.mapper.genid.GenIdUtil CACHE cache.
2020-01-15 10:12:26.383  INFO 14568 --- [restartedMain] t.m.m.autoconfigure.MapperCacheDisabler  : Clear tk.mybatis.mapper.version.VersionUtil CACHE cache.
2020-01-15 10:12:26.384  INFO 14568 --- [restartedMain] t.m.m.autoconfigure.MapperCacheDisabler  : Clear EntityHelper entityTableMap cache.
2020-01-15 10:12:26.668  INFO 14568 --- [restartedMain] io.lettuce.core.EpollProvider            : Starting without optional epoll library
2020-01-15 10:12:26.670  INFO 14568 --- [restartedMain] io.lettuce.core.KqueueProvider           : Starting without optional kqueue library
2020-01-15 10:12:28.154  INFO 14568 --- [restartedMain] o.s.b.d.a.OptionalLiveReloadServer       : LiveReload server is running on port 35729
2020-01-15 10:12:28.782  INFO 14568 --- [restartedMain] s.a.ScheduledAnnotationBeanPostProcessor : No TaskScheduler/ScheduledExecutorService bean found for scheduled processing
2020-01-15 10:12:28.808  INFO 14568 --- [restartedMain] o.s.b.w.embedded.tomcat.TomcatWebServer  : Tomcat started on port(s): 8080 (http) with context path ''
2020-01-15 10:12:28.811  INFO 14568 --- [restartedMain] com.kxy.TsetDemo01Application            : Started TsetDemo01Application in 6.083 seconds (JVM running for 7.565)
2020-01-15 10:12:42.722  INFO 14568 --- [RMI TCP Connection(2)-127.0.0.1] inMXBeanRegistrar$SpringApplicationAdmin : Application shutdown requested.
2020-01-15 10:12:42.764  INFO 14568 --- [RMI TCP Connection(2)-127.0.0.1] o.s.s.concurrent.ThreadPoolTaskExecutor  : Shutting down ExecutorService 'applicationTaskExecutor'
2020-01-15 10:12:42.764  INFO 14568 --- [RMI TCP Connection(2)-127.0.0.1] com.zaxxer.hikari.HikariDataSource       : HikariPool-1 - Shutdown initiated...
2020-01-15 10:12:42.768  INFO 14568 --- [RMI TCP Connection(2)-127.0.0.1] com.zaxxer.hikari.HikariDataSource       : HikariPool-1 - Shutdown completed.
2020-01-15 10:12:57.229  INFO 16336 --- [restartedMain] com.kxy.TsetDemo01Application            : Starting TsetDemo01Application on LAPTOP-RJ0L10TD with PID 16336 (D:\workspqce\TsetDemo01\target\classes started by kongxiaoyun in D:\workspqce\TsetDemo01)
2020-01-15 10:12:57.231  INFO 16336 --- [restartedMain] com.kxy.TsetDemo01Application            : No active profile set, falling back to default profiles: default
2020-01-15 10:12:57.271  INFO 16336 --- [restartedMain] .e.DevToolsPropertyDefaultsPostProcessor : Devtools property defaults active! Set 'spring.devtools.add-properties' to 'false' to disable
2020-01-15 10:12:57.271  INFO 16336 --- [restartedMain] .e.DevToolsPropertyDefaultsPostProcessor : For additional web related logging consider setting the 'logging.level.web' property to 'DEBUG'
2020-01-15 10:12:58.111  WARN 16336 --- [restartedMain] o.m.s.mapper.ClassPathMapperScanner      : Skipping MapperFactoryBean with name 'carMapper' and 'com.kxy.mapper.CarMapper' mapperInterface. Bean already defined with the same name!
2020-01-15 10:12:58.112  WARN 16336 --- [restartedMain] o.m.s.mapper.ClassPathMapperScanner      : Skipping MapperFactoryBean with name 'userMapper' and 'com.kxy.mapper.UserMapper' mapperInterface. Bean already defined with the same name!
2020-01-15 10:12:58.155  INFO 16336 --- [restartedMain] .s.d.r.c.RepositoryConfigurationDelegate : Multiple Spring Data modules found, entering strict repository configuration mode!
2020-01-15 10:12:58.157  INFO 16336 --- [restartedMain] .s.d.r.c.RepositoryConfigurationDelegate : Bootstrapping Spring Data repositories in DEFAULT mode.
2020-01-15 10:12:58.216  INFO 16336 --- [restartedMain] .s.d.r.c.RepositoryConfigurationDelegate : Finished Spring Data repository scanning in 47ms. Found 0 repository interfaces.
2020-01-15 10:12:58.565  INFO 16336 --- [restartedMain] trationDelegate$BeanPostProcessorChecker : Bean 'org.springframework.security.config.annotation.configuration.ObjectPostProcessorConfiguration' of type [org.springframework.security.config.annotation.configuration.ObjectPostProcessorConfiguration$$EnhancerBySpringCGLIB$$6ec4013e] is not eligible for getting processed by all BeanPostProcessors (for example: not eligible for auto-proxying)
2020-01-15 10:12:58.573  INFO 16336 --- [restartedMain] trationDelegate$BeanPostProcessorChecker : Bean 'org.springframework.transaction.annotation.ProxyTransactionManagementConfiguration' of type [org.springframework.transaction.annotation.ProxyTransactionManagementConfiguration$$EnhancerBySpringCGLIB$$d6163904] is not eligible for getting processed by all BeanPostProcessors (for example: not eligible for auto-proxying)
2020-01-15 10:12:58.593  INFO 16336 --- [restartedMain] trationDelegate$BeanPostProcessorChecker : Bean 'objectPostProcessor' of type [org.springframework.security.config.annotation.configuration.AutowireBeanFactoryObjectPostProcessor] is not eligible for getting processed by all BeanPostProcessors (for example: not eligible for auto-proxying)
2020-01-15 10:12:58.595  INFO 16336 --- [restartedMain] trationDelegate$BeanPostProcessorChecker : Bean 'org.springframework.security.access.expression.method.DefaultMethodSecurityExpressionHandler@d24976' of type [org.springframework.security.access.expression.method.DefaultMethodSecurityExpressionHandler] is not eligible for getting processed by all BeanPostProcessors (for example: not eligible for auto-proxying)
2020-01-15 10:12:58.596  INFO 16336 --- [restartedMain] trationDelegate$BeanPostProcessorChecker : Bean 'org.springframework.security.config.annotation.method.configuration.GlobalMethodSecurityConfiguration' of type [org.springframework.security.config.annotation.method.configuration.GlobalMethodSecurityConfiguration$$EnhancerBySpringCGLIB$$9398a3f0] is not eligible for getting processed by all BeanPostProcessors (for example: not eligible for auto-proxying)
2020-01-15 10:12:58.600  INFO 16336 --- [restartedMain] trationDelegate$BeanPostProcessorChecker : Bean 'methodSecurityMetadataSource' of type [org.springframework.security.access.method.DelegatingMethodSecurityMetadataSource] is not eligible for getting processed by all BeanPostProcessors (for example: not eligible for auto-proxying)
2020-01-15 10:12:58.630 ERROR 16336 --- [restartedMain] o.a.catalina.core.AprLifecycleListener   : An incompatible version [1.1.33] of the APR based Apache Tomcat Native library is installed, while Tomcat requires version [1.2.14]
2020-01-15 10:12:58.790 ERROR 16336 --- [restartedMain] o.a.catalina.core.AprLifecycleListener   : An incompatible version [1.1.33] of the APR based Apache Tomcat Native library is installed, while Tomcat requires version [1.2.14]
2020-01-15 10:12:58.979  INFO 16336 --- [restartedMain] o.s.b.w.embedded.tomcat.TomcatWebServer  : Tomcat initialized with port(s): 8080 (http)
2020-01-15 10:12:58.991 ERROR 16336 --- [restartedMain] o.a.catalina.core.AprLifecycleListener   : An incompatible version [1.1.33] of the APR based Apache Tomcat Native library is installed, while Tomcat requires version [1.2.14]
2020-01-15 10:12:58.999  INFO 16336 --- [restartedMain] o.apache.catalina.core.StandardService   : Starting service [Tomcat]
2020-01-15 10:12:58.999  INFO 16336 --- [restartedMain] org.apache.catalina.core.StandardEngine  : Starting Servlet engine: [Apache Tomcat/9.0.17]
2020-01-15 10:12:59.169  INFO 16336 --- [restartedMain] o.a.c.c.C.[Tomcat].[localhost].[/]       : Initializing Spring embedded WebApplicationContext
2020-01-15 10:12:59.170  INFO 16336 --- [restartedMain] o.s.web.context.ContextLoader            : Root WebApplicationContext: initialization completed in 1899 ms
2020-01-15 10:12:59.659  INFO 16336 --- [restartedMain] com.zaxxer.hikari.HikariDataSource       : HikariPool-1 - Starting...
2020-01-15 10:12:59.758  INFO 16336 --- [restartedMain] com.zaxxer.hikari.HikariDataSource       : HikariPool-1 - Start completed.
2020-01-15 10:13:00.185  INFO 16336 --- [restartedMain] o.s.s.web.DefaultSecurityFilterChain     : Creating filter chain: any request, [org.springframework.security.web.context.request.async.WebAsyncManagerIntegrationFilter@7653dbbb, org.springframework.security.web.context.SecurityContextPersistenceFilter@3b3e554b, org.springframework.security.web.header.HeaderWriterFilter@7b2dbc9f, org.springframework.security.web.authentication.logout.LogoutFilter@226df914, org.springframework.security.web.authentication.UsernamePasswordAuthenticationFilter@5f4c58a, org.springframework.security.web.authentication.ui.DefaultLoginPageGeneratingFilter@1ccab20a, org.springframework.security.web.authentication.ui.DefaultLogoutPageGeneratingFilter@2d7b2450, org.springframework.security.web.savedrequest.RequestCacheAwareFilter@52aba4c4, org.springframework.security.web.servletapi.SecurityContextHolderAwareRequestFilter@75bde735, org.springframework.security.web.authentication.AnonymousAuthenticationFilter@7dbb8df5, org.springframework.security.web.session.SessionManagementFilter@5171d22e, org.springframework.security.web.access.ExceptionTranslationFilter@52f57dce, org.springframework.security.web.access.intercept.FilterSecurityInterceptor@6eb016ae]
2020-01-15 10:13:00.401  INFO 16336 --- [restartedMain] o.s.s.concurrent.ThreadPoolTaskExecutor  : Initializing ExecutorService 'applicationTaskExecutor'
2020-01-15 10:13:00.529  INFO 16336 --- [restartedMain] t.m.m.autoconfigure.MapperCacheDisabler  : Clear tk.mybatis.mapper.util.MsUtil CLASS_CACHE cache.
2020-01-15 10:13:00.529  INFO 16336 --- [restartedMain] t.m.m.autoconfigure.MapperCacheDisabler  : Clear tk.mybatis.mapper.genid.GenIdUtil CACHE cache.
2020-01-15 10:13:00.530  INFO 16336 --- [restartedMain] t.m.m.autoconfigure.MapperCacheDisabler  : Clear tk.mybatis.mapper.version.VersionUtil CACHE cache.
2020-01-15 10:13:00.530  INFO 16336 --- [restartedMain] t.m.m.autoconfigure.MapperCacheDisabler  : Clear EntityHelper entityTableMap cache.
2020-01-15 10:13:00.813  INFO 16336 --- [restartedMain] io.lettuce.core.EpollProvider            : Starting without optional epoll library
2020-01-15 10:13:00.815  INFO 16336 --- [restartedMain] io.lettuce.core.KqueueProvider           : Starting without optional kqueue library
2020-01-15 10:13:02.326  INFO 16336 --- [restartedMain] o.s.b.d.a.OptionalLiveReloadServer       : LiveReload server is running on port 35729
2020-01-15 10:13:02.942  INFO 16336 --- [restartedMain] s.a.ScheduledAnnotationBeanPostProcessor : No TaskScheduler/ScheduledExecutorService bean found for scheduled processing
2020-01-15 10:13:02.969  INFO 16336 --- [restartedMain] o.s.b.w.embedded.tomcat.TomcatWebServer  : Tomcat started on port(s): 8080 (http) with context path ''
2020-01-15 10:13:02.973  INFO 16336 --- [restartedMain] com.kxy.TsetDemo01Application            : Started TsetDemo01Application in 6.077 seconds (JVM running for 7.568)
2020-01-15 10:13:15.801  INFO 16336 --- [RMI TCP Connection(2)-127.0.0.1] inMXBeanRegistrar$SpringApplicationAdmin : Application shutdown requested.
2020-01-15 10:13:15.834  INFO 16336 --- [RMI TCP Connection(2)-127.0.0.1] o.s.s.concurrent.ThreadPoolTaskExecutor  : Shutting down ExecutorService 'applicationTaskExecutor'
2020-01-15 10:13:15.835  INFO 16336 --- [RMI TCP Connection(2)-127.0.0.1] com.zaxxer.hikari.HikariDataSource       : HikariPool-1 - Shutdown initiated...
2020-01-15 10:13:15.838  INFO 16336 --- [RMI TCP Connection(2)-127.0.0.1] com.zaxxer.hikari.HikariDataSource       : HikariPool-1 - Shutdown completed.
2020-01-15 10:14:10.209  INFO 240 --- [restartedMain] com.kxy.TsetDemo01Application            : Starting TsetDemo01Application on LAPTOP-RJ0L10TD with PID 240 (D:\workspqce\TsetDemo01\target\classes started by kongxiaoyun in D:\workspqce\TsetDemo01)
2020-01-15 10:14:10.211  INFO 240 --- [restartedMain] com.kxy.TsetDemo01Application            : No active profile set, falling back to default profiles: default
2020-01-15 10:14:10.251  INFO 240 --- [restartedMain] .e.DevToolsPropertyDefaultsPostProcessor : Devtools property defaults active! Set 'spring.devtools.add-properties' to 'false' to disable
2020-01-15 10:14:10.251  INFO 240 --- [restartedMain] .e.DevToolsPropertyDefaultsPostProcessor : For additional web related logging consider setting the 'logging.level.web' property to 'DEBUG'
2020-01-15 10:14:11.098  WARN 240 --- [restartedMain] o.m.s.mapper.ClassPathMapperScanner      : Skipping MapperFactoryBean with name 'carMapper' and 'com.kxy.mapper.CarMapper' mapperInterface. Bean already defined with the same name!
2020-01-15 10:14:11.099  WARN 240 --- [restartedMain] o.m.s.mapper.ClassPathMapperScanner      : Skipping MapperFactoryBean with name 'userMapper' and 'com.kxy.mapper.UserMapper' mapperInterface. Bean already defined with the same name!
2020-01-15 10:14:11.143  INFO 240 --- [restartedMain] .s.d.r.c.RepositoryConfigurationDelegate : Multiple Spring Data modules found, entering strict repository configuration mode!
2020-01-15 10:14:11.145  INFO 240 --- [restartedMain] .s.d.r.c.RepositoryConfigurationDelegate : Bootstrapping Spring Data repositories in DEFAULT mode.
2020-01-15 10:14:11.206  INFO 240 --- [restartedMain] .s.d.r.c.RepositoryConfigurationDelegate : Finished Spring Data repository scanning in 49ms. Found 0 repository interfaces.
2020-01-15 10:14:11.556  INFO 240 --- [restartedMain] trationDelegate$BeanPostProcessorChecker : Bean 'org.springframework.security.config.annotation.configuration.ObjectPostProcessorConfiguration' of type [org.springframework.security.config.annotation.configuration.ObjectPostProcessorConfiguration$$EnhancerBySpringCGLIB$$ae8b8064] is not eligible for getting processed by all BeanPostProcessors (for example: not eligible for auto-proxying)
2020-01-15 10:14:11.565  INFO 240 --- [restartedMain] trationDelegate$BeanPostProcessorChecker : Bean 'org.springframework.transaction.annotation.ProxyTransactionManagementConfiguration' of type [org.springframework.transaction.annotation.ProxyTransactionManagementConfiguration$$EnhancerBySpringCGLIB$$15ddb82a] is not eligible for getting processed by all BeanPostProcessors (for example: not eligible for auto-proxying)
2020-01-15 10:14:11.583  INFO 240 --- [restartedMain] trationDelegate$BeanPostProcessorChecker : Bean 'objectPostProcessor' of type [org.springframework.security.config.annotation.configuration.AutowireBeanFactoryObjectPostProcessor] is not eligible for getting processed by all BeanPostProcessors (for example: not eligible for auto-proxying)
2020-01-15 10:14:11.586  INFO 240 --- [restartedMain] trationDelegate$BeanPostProcessorChecker : Bean 'org.springframework.security.access.expression.method.DefaultMethodSecurityExpressionHandler@530f050' of type [org.springframework.security.access.expression.method.DefaultMethodSecurityExpressionHandler] is not eligible for getting processed by all BeanPostProcessors (for example: not eligible for auto-proxying)
2020-01-15 10:14:11.587  INFO 240 --- [restartedMain] trationDelegate$BeanPostProcessorChecker : Bean 'org.springframework.security.config.annotation.method.configuration.GlobalMethodSecurityConfiguration' of type [org.springframework.security.config.annotation.method.configuration.GlobalMethodSecurityConfiguration$$EnhancerBySpringCGLIB$$d3602316] is not eligible for getting processed by all BeanPostProcessors (for example: not eligible for auto-proxying)
2020-01-15 10:14:11.591  INFO 240 --- [restartedMain] trationDelegate$BeanPostProcessorChecker : Bean 'methodSecurityMetadataSource' of type [org.springframework.security.access.method.DelegatingMethodSecurityMetadataSource] is not eligible for getting processed by all BeanPostProcessors (for example: not eligible for auto-proxying)
2020-01-15 10:14:11.621 ERROR 240 --- [restartedMain] o.a.catalina.core.AprLifecycleListener   : An incompatible version [1.1.33] of the APR based Apache Tomcat Native library is installed, while Tomcat requires version [1.2.14]
2020-01-15 10:14:11.785 ERROR 240 --- [restartedMain] o.a.catalina.core.AprLifecycleListener   : An incompatible version [1.1.33] of the APR based Apache Tomcat Native library is installed, while Tomcat requires version [1.2.14]
2020-01-15 10:14:11.977  INFO 240 --- [restartedMain] o.s.b.w.embedded.tomcat.TomcatWebServer  : Tomcat initialized with port(s): 8080 (http)
2020-01-15 10:14:11.990 ERROR 240 --- [restartedMain] o.a.catalina.core.AprLifecycleListener   : An incompatible version [1.1.33] of the APR based Apache Tomcat Native library is installed, while Tomcat requires version [1.2.14]
2020-01-15 10:14:11.998  INFO 240 --- [restartedMain] o.apache.catalina.core.StandardService   : Starting service [Tomcat]
2020-01-15 10:14:11.998  INFO 240 --- [restartedMain] org.apache.catalina.core.StandardEngine  : Starting Servlet engine: [Apache Tomcat/9.0.17]
2020-01-15 10:14:12.167  INFO 240 --- [restartedMain] o.a.c.c.C.[Tomcat].[localhost].[/]       : Initializing Spring embedded WebApplicationContext
2020-01-15 10:14:12.167  INFO 240 --- [restartedMain] o.s.web.context.ContextLoader            : Root WebApplicationContext: initialization completed in 1916 ms
2020-01-15 10:14:12.657  INFO 240 --- [restartedMain] com.zaxxer.hikari.HikariDataSource       : HikariPool-1 - Starting...
2020-01-15 10:14:12.756  INFO 240 --- [restartedMain] com.zaxxer.hikari.HikariDataSource       : HikariPool-1 - Start completed.
2020-01-15 10:14:13.181  INFO 240 --- [restartedMain] o.s.s.web.DefaultSecurityFilterChain     : Creating filter chain: any request, [org.springframework.security.web.context.request.async.WebAsyncManagerIntegrationFilter@67aba2b5, org.springframework.security.web.context.SecurityContextPersistenceFilter@270f2760, org.springframework.security.web.header.HeaderWriterFilter@62d26f3a, org.springframework.security.web.authentication.logout.LogoutFilter@70cd98f0, org.springframework.security.web.authentication.UsernamePasswordAuthenticationFilter@7f16a24f, org.springframework.security.web.authentication.ui.DefaultLoginPageGeneratingFilter@432cef97, org.springframework.security.web.authentication.ui.DefaultLogoutPageGeneratingFilter@ac88fd7, org.springframework.security.web.savedrequest.RequestCacheAwareFilter@3c608fbe, org.springframework.security.web.servletapi.SecurityContextHolderAwareRequestFilter@5a53e8df, org.springframework.security.web.authentication.AnonymousAuthenticationFilter@79425c51, org.springframework.security.web.session.SessionManagementFilter@2500b87c, org.springframework.security.web.access.ExceptionTranslationFilter@22e854ed, org.springframework.security.web.access.intercept.FilterSecurityInterceptor@f415448]
2020-01-15 10:14:13.400  INFO 240 --- [restartedMain] o.s.s.concurrent.ThreadPoolTaskExecutor  : Initializing ExecutorService 'applicationTaskExecutor'
2020-01-15 10:14:13.527  INFO 240 --- [restartedMain] t.m.m.autoconfigure.MapperCacheDisabler  : Clear tk.mybatis.mapper.util.MsUtil CLASS_CACHE cache.
2020-01-15 10:14:13.528  INFO 240 --- [restartedMain] t.m.m.autoconfigure.MapperCacheDisabler  : Clear tk.mybatis.mapper.genid.GenIdUtil CACHE cache.
2020-01-15 10:14:13.529  INFO 240 --- [restartedMain] t.m.m.autoconfigure.MapperCacheDisabler  : Clear tk.mybatis.mapper.version.VersionUtil CACHE cache.
2020-01-15 10:14:13.529  INFO 240 --- [restartedMain] t.m.m.autoconfigure.MapperCacheDisabler  : Clear EntityHelper entityTableMap cache.
2020-01-15 10:14:13.816  INFO 240 --- [restartedMain] io.lettuce.core.EpollProvider            : Starting without optional epoll library
2020-01-15 10:14:13.818  INFO 240 --- [restartedMain] io.lettuce.core.KqueueProvider           : Starting without optional kqueue library
2020-01-15 10:14:15.310  INFO 240 --- [restartedMain] o.s.b.d.a.OptionalLiveReloadServer       : LiveReload server is running on port 35729
2020-01-15 10:14:15.886  INFO 240 --- [restartedMain] s.a.ScheduledAnnotationBeanPostProcessor : No TaskScheduler/ScheduledExecutorService bean found for scheduled processing
2020-01-15 10:14:15.912  INFO 240 --- [restartedMain] o.s.b.w.embedded.tomcat.TomcatWebServer  : Tomcat started on port(s): 8080 (http) with context path ''
2020-01-15 10:14:15.915  INFO 240 --- [restartedMain] com.kxy.TsetDemo01Application            : Started TsetDemo01Application in 6.036 seconds (JVM running for 7.519)
2020-01-15 10:14:26.664  INFO 240 --- [RMI TCP Connection(2)-127.0.0.1] inMXBeanRegistrar$SpringApplicationAdmin : Application shutdown requested.
2020-01-15 10:14:26.701  INFO 240 --- [RMI TCP Connection(2)-127.0.0.1] o.s.s.concurrent.ThreadPoolTaskExecutor  : Shutting down ExecutorService 'applicationTaskExecutor'
2020-01-15 10:14:26.702  INFO 240 --- [RMI TCP Connection(2)-127.0.0.1] com.zaxxer.hikari.HikariDataSource       : HikariPool-1 - Shutdown initiated...
2020-01-15 10:14:26.705  INFO 240 --- [RMI TCP Connection(2)-127.0.0.1] com.zaxxer.hikari.HikariDataSource       : HikariPool-1 - Shutdown completed.
2020-01-15 10:14:34.087  INFO 14892 --- [restartedMain] com.kxy.TsetDemo01Application            : Starting TsetDemo01Application on LAPTOP-RJ0L10TD with PID 14892 (D:\workspqce\TsetDemo01\target\classes started by kongxiaoyun in D:\workspqce\TsetDemo01)
2020-01-15 10:14:34.091  INFO 14892 --- [restartedMain] com.kxy.TsetDemo01Application            : No active profile set, falling back to default profiles: default
2020-01-15 10:14:34.139  INFO 14892 --- [restartedMain] .e.DevToolsPropertyDefaultsPostProcessor : Devtools property defaults active! Set 'spring.devtools.add-properties' to 'false' to disable
2020-01-15 10:14:34.139  INFO 14892 --- [restartedMain] .e.DevToolsPropertyDefaultsPostProcessor : For additional web related logging consider setting the 'logging.level.web' property to 'DEBUG'
2020-01-15 10:14:35.160  WARN 14892 --- [restartedMain] o.m.s.mapper.ClassPathMapperScanner      : Skipping MapperFactoryBean with name 'carMapper' and 'com.kxy.mapper.CarMapper' mapperInterface. Bean already defined with the same name!
2020-01-15 10:14:35.160  WARN 14892 --- [restartedMain] o.m.s.mapper.ClassPathMapperScanner      : Skipping MapperFactoryBean with name 'userMapper' and 'com.kxy.mapper.UserMapper' mapperInterface. Bean already defined with the same name!
2020-01-15 10:14:35.212  INFO 14892 --- [restartedMain] .s.d.r.c.RepositoryConfigurationDelegate : Multiple Spring Data modules found, entering strict repository configuration mode!
2020-01-15 10:14:35.214  INFO 14892 --- [restartedMain] .s.d.r.c.RepositoryConfigurationDelegate : Bootstrapping Spring Data repositories in DEFAULT mode.
2020-01-15 10:14:35.282  INFO 14892 --- [restartedMain] .s.d.r.c.RepositoryConfigurationDelegate : Finished Spring Data repository scanning in 53ms. Found 0 repository interfaces.
2020-01-15 10:14:35.698  INFO 14892 --- [restartedMain] trationDelegate$BeanPostProcessorChecker : Bean 'org.springframework.security.config.annotation.configuration.ObjectPostProcessorConfiguration' of type [org.springframework.security.config.annotation.configuration.ObjectPostProcessorConfiguration$$EnhancerBySpringCGLIB$$23eb1570] is not eligible for getting processed by all BeanPostProcessors (for example: not eligible for auto-proxying)
2020-01-15 10:14:35.709  INFO 14892 --- [restartedMain] trationDelegate$BeanPostProcessorChecker : Bean 'org.springframework.transaction.annotation.ProxyTransactionManagementConfiguration' of type [org.springframework.transaction.annotation.ProxyTransactionManagementConfiguration$$EnhancerBySpringCGLIB$$8b3d4d36] is not eligible for getting processed by all BeanPostProcessors (for example: not eligible for auto-proxying)
2020-01-15 10:14:35.731  INFO 14892 --- [restartedMain] trationDelegate$BeanPostProcessorChecker : Bean 'objectPostProcessor' of type [org.springframework.security.config.annotation.configuration.AutowireBeanFactoryObjectPostProcessor] is not eligible for getting processed by all BeanPostProcessors (for example: not eligible for auto-proxying)
2020-01-15 10:14:35.734  INFO 14892 --- [restartedMain] trationDelegate$BeanPostProcessorChecker : Bean 'org.springframework.security.access.expression.method.DefaultMethodSecurityExpressionHandler@631413db' of type [org.springframework.security.access.expression.method.DefaultMethodSecurityExpressionHandler] is not eligible for getting processed by all BeanPostProcessors (for example: not eligible for auto-proxying)
2020-01-15 10:14:35.737  INFO 14892 --- [restartedMain] trationDelegate$BeanPostProcessorChecker : Bean 'org.springframework.security.config.annotation.method.configuration.GlobalMethodSecurityConfiguration' of type [org.springframework.security.config.annotation.method.configuration.GlobalMethodSecurityConfiguration$$EnhancerBySpringCGLIB$$48bfb822] is not eligible for getting processed by all BeanPostProcessors (for example: not eligible for auto-proxying)
2020-01-15 10:14:35.741  INFO 14892 --- [restartedMain] trationDelegate$BeanPostProcessorChecker : Bean 'methodSecurityMetadataSource' of type [org.springframework.security.access.method.DelegatingMethodSecurityMetadataSource] is not eligible for getting processed by all BeanPostProcessors (for example: not eligible for auto-proxying)
2020-01-15 10:14:35.779 ERROR 14892 --- [restartedMain] o.a.catalina.core.AprLifecycleListener   : An incompatible version [1.1.33] of the APR based Apache Tomcat Native library is installed, while Tomcat requires version [1.2.14]
2020-01-15 10:14:35.962 ERROR 14892 --- [restartedMain] o.a.catalina.core.AprLifecycleListener   : An incompatible version [1.1.33] of the APR based Apache Tomcat Native library is installed, while Tomcat requires version [1.2.14]
2020-01-15 10:14:36.175  INFO 14892 --- [restartedMain] o.s.b.w.embedded.tomcat.TomcatWebServer  : Tomcat initialized with port(s): 8080 (http)
2020-01-15 10:14:36.190 ERROR 14892 --- [restartedMain] o.a.catalina.core.AprLifecycleListener   : An incompatible version [1.1.33] of the APR based Apache Tomcat Native library is installed, while Tomcat requires version [1.2.14]
2020-01-15 10:14:36.198  INFO 14892 --- [restartedMain] o.apache.catalina.core.StandardService   : Starting service [Tomcat]
2020-01-15 10:14:36.198  INFO 14892 --- [restartedMain] org.apache.catalina.core.StandardEngine  : Starting Servlet engine: [Apache Tomcat/9.0.17]
2020-01-15 10:14:36.383  INFO 14892 --- [restartedMain] o.a.c.c.C.[Tomcat].[localhost].[/]       : Initializing Spring embedded WebApplicationContext
2020-01-15 10:14:36.383  INFO 14892 --- [restartedMain] o.s.web.context.ContextLoader            : Root WebApplicationContext: initialization completed in 2244 ms
2020-01-15 10:14:36.961  INFO 14892 --- [restartedMain] com.zaxxer.hikari.HikariDataSource       : HikariPool-1 - Starting...
2020-01-15 10:14:37.077  INFO 14892 --- [restartedMain] com.zaxxer.hikari.HikariDataSource       : HikariPool-1 - Start completed.
2020-01-15 10:14:37.599  INFO 14892 --- [restartedMain] o.s.s.web.DefaultSecurityFilterChain     : Creating filter chain: any request, [org.springframework.security.web.context.request.async.WebAsyncManagerIntegrationFilter@53fd01b1, org.springframework.security.web.context.SecurityContextPersistenceFilter@143c2309, org.springframework.security.web.header.HeaderWriterFilter@5acfcfad, org.springframework.security.web.authentication.logout.LogoutFilter@7a28e515, org.springframework.security.web.authentication.UsernamePasswordAuthenticationFilter@29d2290, org.springframework.security.web.authentication.ui.DefaultLoginPageGeneratingFilter@81f8086, org.springframework.security.web.authentication.ui.DefaultLogoutPageGeneratingFilter@7e26203d, org.springframework.security.web.savedrequest.RequestCacheAwareFilter@32e2c081, org.springframework.security.web.servletapi.SecurityContextHolderAwareRequestFilter@2d61b1f4, org.springframework.security.web.authentication.AnonymousAuthenticationFilter@240775a2, org.springframework.security.web.session.SessionManagementFilter@5cbcd818, org.springframework.security.web.access.ExceptionTranslationFilter@42548952, org.springframework.security.web.access.intercept.FilterSecurityInterceptor@521e0494]
2020-01-15 10:14:37.854  INFO 14892 --- [restartedMain] o.s.s.concurrent.ThreadPoolTaskExecutor  : Initializing ExecutorService 'applicationTaskExecutor'
2020-01-15 10:14:38.018  INFO 14892 --- [restartedMain] t.m.m.autoconfigure.MapperCacheDisabler  : Clear tk.mybatis.mapper.util.MsUtil CLASS_CACHE cache.
2020-01-15 10:14:38.019  INFO 14892 --- [restartedMain] t.m.m.autoconfigure.MapperCacheDisabler  : Clear tk.mybatis.mapper.genid.GenIdUtil CACHE cache.
2020-01-15 10:14:38.020  INFO 14892 --- [restartedMain] t.m.m.autoconfigure.MapperCacheDisabler  : Clear tk.mybatis.mapper.version.VersionUtil CACHE cache.
2020-01-15 10:14:38.020  INFO 14892 --- [restartedMain] t.m.m.autoconfigure.MapperCacheDisabler  : Clear EntityHelper entityTableMap cache.
2020-01-15 10:14:38.352  INFO 14892 --- [restartedMain] io.lettuce.core.EpollProvider            : Starting without optional epoll library
2020-01-15 10:14:38.353  INFO 14892 --- [restartedMain] io.lettuce.core.KqueueProvider           : Starting without optional kqueue library
2020-01-15 10:14:40.067  INFO 14892 --- [restartedMain] o.s.b.d.a.OptionalLiveReloadServer       : LiveReload server is running on port 35729
2020-01-15 10:14:40.706  INFO 14892 --- [restartedMain] s.a.ScheduledAnnotationBeanPostProcessor : No TaskScheduler/ScheduledExecutorService bean found for scheduled processing
2020-01-15 10:14:40.744  INFO 14892 --- [restartedMain] o.s.b.w.embedded.tomcat.TomcatWebServer  : Tomcat started on port(s): 8080 (http) with context path ''
2020-01-15 10:14:40.750  INFO 14892 --- [restartedMain] com.kxy.TsetDemo01Application            : Started TsetDemo01Application in 7.05 seconds (JVM running for 8.994)
2020-01-15 10:15:11.669  INFO 19132 --- [restartedMain] com.kxy.TsetDemo01Application            : Starting TsetDemo01Application on LAPTOP-RJ0L10TD with PID 19132 (D:\workspqce\TsetDemo01\target\classes started by kongxiaoyun in D:\workspqce\TsetDemo01)
2020-01-15 10:15:11.671  INFO 19132 --- [restartedMain] com.kxy.TsetDemo01Application            : No active profile set, falling back to default profiles: default
2020-01-15 10:15:11.712  INFO 19132 --- [restartedMain] .e.DevToolsPropertyDefaultsPostProcessor : Devtools property defaults active! Set 'spring.devtools.add-properties' to 'false' to disable
2020-01-15 10:15:11.712  INFO 19132 --- [restartedMain] .e.DevToolsPropertyDefaultsPostProcessor : For additional web related logging consider setting the 'logging.level.web' property to 'DEBUG'
2020-01-15 10:15:12.558  WARN 19132 --- [restartedMain] o.m.s.mapper.ClassPathMapperScanner      : Skipping MapperFactoryBean with name 'carMapper' and 'com.kxy.mapper.CarMapper' mapperInterface. Bean already defined with the same name!
2020-01-15 10:15:12.559  WARN 19132 --- [restartedMain] o.m.s.mapper.ClassPathMapperScanner      : Skipping MapperFactoryBean with name 'userMapper' and 'com.kxy.mapper.UserMapper' mapperInterface. Bean already defined with the same name!
2020-01-15 10:15:12.602  INFO 19132 --- [restartedMain] .s.d.r.c.RepositoryConfigurationDelegate : Multiple Spring Data modules found, entering strict repository configuration mode!
2020-01-15 10:15:12.604  INFO 19132 --- [restartedMain] .s.d.r.c.RepositoryConfigurationDelegate : Bootstrapping Spring Data repositories in DEFAULT mode.
2020-01-15 10:15:12.664  INFO 19132 --- [restartedMain] .s.d.r.c.RepositoryConfigurationDelegate : Finished Spring Data repository scanning in 48ms. Found 0 repository interfaces.
2020-01-15 10:15:13.018  INFO 19132 --- [restartedMain] trationDelegate$BeanPostProcessorChecker : Bean 'org.springframework.security.config.annotation.configuration.ObjectPostProcessorConfiguration' of type [org.springframework.security.config.annotation.configuration.ObjectPostProcessorConfiguration$$EnhancerBySpringCGLIB$$8d0e7c85] is not eligible for getting processed by all BeanPostProcessors (for example: not eligible for auto-proxying)
2020-01-15 10:15:13.026  INFO 19132 --- [restartedMain] trationDelegate$BeanPostProcessorChecker : Bean 'org.springframework.transaction.annotation.ProxyTransactionManagementConfiguration' of type [org.springframework.transaction.annotation.ProxyTransactionManagementConfiguration$$EnhancerBySpringCGLIB$$f460b44b] is not eligible for getting processed by all BeanPostProcessors (for example: not eligible for auto-proxying)
2020-01-15 10:15:13.044  INFO 19132 --- [restartedMain] trationDelegate$BeanPostProcessorChecker : Bean 'objectPostProcessor' of type [org.springframework.security.config.annotation.configuration.AutowireBeanFactoryObjectPostProcessor] is not eligible for getting processed by all BeanPostProcessors (for example: not eligible for auto-proxying)
2020-01-15 10:15:13.047  INFO 19132 --- [restartedMain] trationDelegate$BeanPostProcessorChecker : Bean 'org.springframework.security.access.expression.method.DefaultMethodSecurityExpressionHandler@58b1ab1f' of type [org.springframework.security.access.expression.method.DefaultMethodSecurityExpressionHandler] is not eligible for getting processed by all BeanPostProcessors (for example: not eligible for auto-proxying)
2020-01-15 10:15:13.048  INFO 19132 --- [restartedMain] trationDelegate$BeanPostProcessorChecker : Bean 'org.springframework.security.config.annotation.method.configuration.GlobalMethodSecurityConfiguration' of type [org.springframework.security.config.annotation.method.configuration.GlobalMethodSecurityConfiguration$$EnhancerBySpringCGLIB$$b1e31f37] is not eligible for getting processed by all BeanPostProcessors (for example: not eligible for auto-proxying)
2020-01-15 10:15:13.051  INFO 19132 --- [restartedMain] trationDelegate$BeanPostProcessorChecker : Bean 'methodSecurityMetadataSource' of type [org.springframework.security.access.method.DelegatingMethodSecurityMetadataSource] is not eligible for getting processed by all BeanPostProcessors (for example: not eligible for auto-proxying)
2020-01-15 10:15:13.082 ERROR 19132 --- [restartedMain] o.a.catalina.core.AprLifecycleListener   : An incompatible version [1.1.33] of the APR based Apache Tomcat Native library is installed, while Tomcat requires version [1.2.14]
2020-01-15 10:15:13.241 ERROR 19132 --- [restartedMain] o.a.catalina.core.AprLifecycleListener   : An incompatible version [1.1.33] of the APR based Apache Tomcat Native library is installed, while Tomcat requires version [1.2.14]
2020-01-15 10:15:13.432  INFO 19132 --- [restartedMain] o.s.b.w.embedded.tomcat.TomcatWebServer  : Tomcat initialized with port(s): 8080 (http)
2020-01-15 10:15:13.445 ERROR 19132 --- [restartedMain] o.a.catalina.core.AprLifecycleListener   : An incompatible version [1.1.33] of the APR based Apache Tomcat Native library is installed, while Tomcat requires version [1.2.14]
2020-01-15 10:15:13.452  INFO 19132 --- [restartedMain] o.apache.catalina.core.StandardService   : Starting service [Tomcat]
2020-01-15 10:15:13.452  INFO 19132 --- [restartedMain] org.apache.catalina.core.StandardEngine  : Starting Servlet engine: [Apache Tomcat/9.0.17]
2020-01-15 10:15:13.621  INFO 19132 --- [restartedMain] o.a.c.c.C.[Tomcat].[localhost].[/]       : Initializing Spring embedded WebApplicationContext
2020-01-15 10:15:13.621  INFO 19132 --- [restartedMain] o.s.web.context.ContextLoader            : Root WebApplicationContext: initialization completed in 1908 ms
2020-01-15 10:15:14.111  INFO 19132 --- [restartedMain] com.zaxxer.hikari.HikariDataSource       : HikariPool-1 - Starting...
2020-01-15 10:15:14.210  INFO 19132 --- [restartedMain] com.zaxxer.hikari.HikariDataSource       : HikariPool-1 - Start completed.
2020-01-15 10:15:14.643  INFO 19132 --- [restartedMain] o.s.s.web.DefaultSecurityFilterChain     : Creating filter chain: any request, [org.springframework.security.web.context.request.async.WebAsyncManagerIntegrationFilter@48791e6b, org.springframework.security.web.context.SecurityContextPersistenceFilter@6279093e, org.springframework.security.web.header.HeaderWriterFilter@dfa0a01, org.springframework.security.web.authentication.logout.LogoutFilter@7f864b8f, org.springframework.security.web.authentication.UsernamePasswordAuthenticationFilter@3572c14, org.springframework.security.web.authentication.ui.DefaultLoginPageGeneratingFilter@7acb7be6, org.springframework.security.web.authentication.ui.DefaultLogoutPageGeneratingFilter@5afe91de, org.springframework.security.web.savedrequest.RequestCacheAwareFilter@34540c8d, org.springframework.security.web.servletapi.SecurityContextHolderAwareRequestFilter@679cd8db, org.springframework.security.web.authentication.AnonymousAuthenticationFilter@63dc950b, org.springframework.security.web.session.SessionManagementFilter@64567066, org.springframework.security.web.access.ExceptionTranslationFilter@2446fbb8, org.springframework.security.web.access.intercept.FilterSecurityInterceptor@4079f748]
2020-01-15 10:15:14.862  INFO 19132 --- [restartedMain] o.s.s.concurrent.ThreadPoolTaskExecutor  : Initializing ExecutorService 'applicationTaskExecutor'
2020-01-15 10:15:14.990  INFO 19132 --- [restartedMain] t.m.m.autoconfigure.MapperCacheDisabler  : Clear tk.mybatis.mapper.util.MsUtil CLASS_CACHE cache.
2020-01-15 10:15:14.991  INFO 19132 --- [restartedMain] t.m.m.autoconfigure.MapperCacheDisabler  : Clear tk.mybatis.mapper.genid.GenIdUtil CACHE cache.
2020-01-15 10:15:14.992  INFO 19132 --- [restartedMain] t.m.m.autoconfigure.MapperCacheDisabler  : Clear tk.mybatis.mapper.version.VersionUtil CACHE cache.
2020-01-15 10:15:14.993  INFO 19132 --- [restartedMain] t.m.m.autoconfigure.MapperCacheDisabler  : Clear EntityHelper entityTableMap cache.
2020-01-15 10:15:15.280  INFO 19132 --- [restartedMain] io.lettuce.core.EpollProvider            : Starting without optional epoll library
2020-01-15 10:15:15.282  INFO 19132 --- [restartedMain] io.lettuce.core.KqueueProvider           : Starting without optional kqueue library
2020-01-15 10:15:16.799  INFO 19132 --- [restartedMain] o.s.b.d.a.OptionalLiveReloadServer       : LiveReload server is running on port 35729
2020-01-15 10:15:17.431  INFO 19132 --- [restartedMain] s.a.ScheduledAnnotationBeanPostProcessor : No TaskScheduler/ScheduledExecutorService bean found for scheduled processing
2020-01-15 10:15:17.474  INFO 19132 --- [restartedMain] o.s.b.w.embedded.tomcat.TomcatWebServer  : Tomcat started on port(s): 8080 (http) with context path ''
2020-01-15 10:15:17.478  INFO 19132 --- [restartedMain] com.kxy.TsetDemo01Application            : Started TsetDemo01Application in 6.129 seconds (JVM running for 7.608)
2020-01-15 10:15:25.899  INFO 19132 --- [RMI TCP Connection(2)-127.0.0.1] inMXBeanRegistrar$SpringApplicationAdmin : Application shutdown requested.
2020-01-15 10:15:25.940  INFO 19132 --- [RMI TCP Connection(2)-127.0.0.1] o.s.s.concurrent.ThreadPoolTaskExecutor  : Shutting down ExecutorService 'applicationTaskExecutor'
2020-01-15 10:15:25.941  INFO 19132 --- [RMI TCP Connection(2)-127.0.0.1] com.zaxxer.hikari.HikariDataSource       : HikariPool-1 - Shutdown initiated...
2020-01-15 10:15:25.944  INFO 19132 --- [RMI TCP Connection(2)-127.0.0.1] com.zaxxer.hikari.HikariDataSource       : HikariPool-1 - Shutdown completed.
2020-01-15 10:15:33.012  INFO 21212 --- [restartedMain] com.kxy.TsetDemo01Application            : Starting TsetDemo01Application on LAPTOP-RJ0L10TD with PID 21212 (D:\workspqce\TsetDemo01\target\classes started by kongxiaoyun in D:\workspqce\TsetDemo01)
2020-01-15 10:15:33.015  INFO 21212 --- [restartedMain] com.kxy.TsetDemo01Application            : No active profile set, falling back to default profiles: default
2020-01-15 10:15:33.054  INFO 21212 --- [restartedMain] .e.DevToolsPropertyDefaultsPostProcessor : Devtools property defaults active! Set 'spring.devtools.add-properties' to 'false' to disable
2020-01-15 10:15:33.055  INFO 21212 --- [restartedMain] .e.DevToolsPropertyDefaultsPostProcessor : For additional web related logging consider setting the 'logging.level.web' property to 'DEBUG'
2020-01-15 10:15:33.903  WARN 21212 --- [restartedMain] o.m.s.mapper.ClassPathMapperScanner      : Skipping MapperFactoryBean with name 'carMapper' and 'com.kxy.mapper.CarMapper' mapperInterface. Bean already defined with the same name!
2020-01-15 10:15:33.903  WARN 21212 --- [restartedMain] o.m.s.mapper.ClassPathMapperScanner      : Skipping MapperFactoryBean with name 'userMapper' and 'com.kxy.mapper.UserMapper' mapperInterface. Bean already defined with the same name!
2020-01-15 10:15:33.946  INFO 21212 --- [restartedMain] .s.d.r.c.RepositoryConfigurationDelegate : Multiple Spring Data modules found, entering strict repository configuration mode!
2020-01-15 10:15:33.948  INFO 21212 --- [restartedMain] .s.d.r.c.RepositoryConfigurationDelegate : Bootstrapping Spring Data repositories in DEFAULT mode.
2020-01-15 10:15:34.010  INFO 21212 --- [restartedMain] .s.d.r.c.RepositoryConfigurationDelegate : Finished Spring Data repository scanning in 49ms. Found 0 repository interfaces.
2020-01-15 10:15:34.357  INFO 21212 --- [restartedMain] trationDelegate$BeanPostProcessorChecker : Bean 'org.springframework.security.config.annotation.configuration.ObjectPostProcessorConfiguration' of type [org.springframework.security.config.annotation.configuration.ObjectPostProcessorConfiguration$$EnhancerBySpringCGLIB$$efa9e67c] is not eligible for getting processed by all BeanPostProcessors (for example: not eligible for auto-proxying)
2020-01-15 10:15:34.366  INFO 21212 --- [restartedMain] trationDelegate$BeanPostProcessorChecker : Bean 'org.springframework.transaction.annotation.ProxyTransactionManagementConfiguration' of type [org.springframework.transaction.annotation.ProxyTransactionManagementConfiguration$$EnhancerBySpringCGLIB$$56fc1e42] is not eligible for getting processed by all BeanPostProcessors (for example: not eligible for auto-proxying)
2020-01-15 10:15:34.385  INFO 21212 --- [restartedMain] trationDelegate$BeanPostProcessorChecker : Bean 'objectPostProcessor' of type [org.springframework.security.config.annotation.configuration.AutowireBeanFactoryObjectPostProcessor] is not eligible for getting processed by all BeanPostProcessors (for example: not eligible for auto-proxying)
2020-01-15 10:15:34.387  INFO 21212 --- [restartedMain] trationDelegate$BeanPostProcessorChecker : Bean 'org.springframework.security.access.expression.method.DefaultMethodSecurityExpressionHandler@2ec6dd5f' of type [org.springframework.security.access.expression.method.DefaultMethodSecurityExpressionHandler] is not eligible for getting processed by all BeanPostProcessors (for example: not eligible for auto-proxying)
2020-01-15 10:15:34.389  INFO 21212 --- [restartedMain] trationDelegate$BeanPostProcessorChecker : Bean 'org.springframework.security.config.annotation.method.configuration.GlobalMethodSecurityConfiguration' of type [org.springframework.security.config.annotation.method.configuration.GlobalMethodSecurityConfiguration$$EnhancerBySpringCGLIB$$147e892e] is not eligible for getting processed by all BeanPostProcessors (for example: not eligible for auto-proxying)
2020-01-15 10:15:34.392  INFO 21212 --- [restartedMain] trationDelegate$BeanPostProcessorChecker : Bean 'methodSecurityMetadataSource' of type [org.springframework.security.access.method.DelegatingMethodSecurityMetadataSource] is not eligible for getting processed by all BeanPostProcessors (for example: not eligible for auto-proxying)
2020-01-15 10:15:34.422 ERROR 21212 --- [restartedMain] o.a.catalina.core.AprLifecycleListener   : An incompatible version [1.1.33] of the APR based Apache Tomcat Native library is installed, while Tomcat requires version [1.2.14]
2020-01-15 10:15:34.585 ERROR 21212 --- [restartedMain] o.a.catalina.core.AprLifecycleListener   : An incompatible version [1.1.33] of the APR based Apache Tomcat Native library is installed, while Tomcat requires version [1.2.14]
2020-01-15 10:15:34.774  INFO 21212 --- [restartedMain] o.s.b.w.embedded.tomcat.TomcatWebServer  : Tomcat initialized with port(s): 8080 (http)
2020-01-15 10:15:34.787 ERROR 21212 --- [restartedMain] o.a.catalina.core.AprLifecycleListener   : An incompatible version [1.1.33] of the APR based Apache Tomcat Native library is installed, while Tomcat requires version [1.2.14]
2020-01-15 10:15:34.800  INFO 21212 --- [restartedMain] o.apache.catalina.core.StandardService   : Starting service [Tomcat]
2020-01-15 10:15:34.801  INFO 21212 --- [restartedMain] org.apache.catalina.core.StandardEngine  : Starting Servlet engine: [Apache Tomcat/9.0.17]
2020-01-15 10:15:34.971  INFO 21212 --- [restartedMain] o.a.c.c.C.[Tomcat].[localhost].[/]       : Initializing Spring embedded WebApplicationContext
2020-01-15 10:15:34.971  INFO 21212 --- [restartedMain] o.s.web.context.ContextLoader            : Root WebApplicationContext: initialization completed in 1916 ms
2020-01-15 10:15:35.455  INFO 21212 --- [restartedMain] com.zaxxer.hikari.HikariDataSource       : HikariPool-1 - Starting...
2020-01-15 10:15:35.551  INFO 21212 --- [restartedMain] com.zaxxer.hikari.HikariDataSource       : HikariPool-1 - Start completed.
2020-01-15 10:15:35.981  INFO 21212 --- [restartedMain] o.s.s.web.DefaultSecurityFilterChain     : Creating filter chain: any request, [org.springframework.security.web.context.request.async.WebAsyncManagerIntegrationFilter@2bffd6b5, org.springframework.security.web.context.SecurityContextPersistenceFilter@1006c585, org.springframework.security.web.header.HeaderWriterFilter@20344a62, org.springframework.security.web.authentication.logout.LogoutFilter@de3f061, org.springframework.security.web.authentication.UsernamePasswordAuthenticationFilter@59b038c2, org.springframework.security.web.authentication.ui.DefaultLoginPageGeneratingFilter@65d1931d, org.springframework.security.web.authentication.ui.DefaultLogoutPageGeneratingFilter@73e90d4c, org.springframework.security.web.savedrequest.RequestCacheAwareFilter@488f86d2, org.springframework.security.web.servletapi.SecurityContextHolderAwareRequestFilter@28ef5b0a, org.springframework.security.web.authentication.AnonymousAuthenticationFilter@3715a48b, org.springframework.security.web.session.SessionManagementFilter@5b97a156, org.springframework.security.web.access.ExceptionTranslationFilter@673e0a13, org.springframework.security.web.access.intercept.FilterSecurityInterceptor@a54015]
2020-01-15 10:15:36.203  INFO 21212 --- [restartedMain] o.s.s.concurrent.ThreadPoolTaskExecutor  : Initializing ExecutorService 'applicationTaskExecutor'
2020-01-15 10:15:36.329  INFO 21212 --- [restartedMain] t.m.m.autoconfigure.MapperCacheDisabler  : Clear tk.mybatis.mapper.util.MsUtil CLASS_CACHE cache.
2020-01-15 10:15:36.330  INFO 21212 --- [restartedMain] t.m.m.autoconfigure.MapperCacheDisabler  : Clear tk.mybatis.mapper.genid.GenIdUtil CACHE cache.
2020-01-15 10:15:36.331  INFO 21212 --- [restartedMain] t.m.m.autoconfigure.MapperCacheDisabler  : Clear tk.mybatis.mapper.version.VersionUtil CACHE cache.
2020-01-15 10:15:36.331  INFO 21212 --- [restartedMain] t.m.m.autoconfigure.MapperCacheDisabler  : Clear EntityHelper entityTableMap cache.
2020-01-15 10:15:36.612  INFO 21212 --- [restartedMain] io.lettuce.core.EpollProvider            : Starting without optional epoll library
2020-01-15 10:15:36.614  INFO 21212 --- [restartedMain] io.lettuce.core.KqueueProvider           : Starting without optional kqueue library
2020-01-15 10:15:38.095  INFO 21212 --- [restartedMain] o.s.b.d.a.OptionalLiveReloadServer       : LiveReload server is running on port 35729
2020-01-15 10:15:38.722  INFO 21212 --- [restartedMain] s.a.ScheduledAnnotationBeanPostProcessor : No TaskScheduler/ScheduledExecutorService bean found for scheduled processing
2020-01-15 10:15:38.747  INFO 21212 --- [restartedMain] o.s.b.w.embedded.tomcat.TomcatWebServer  : Tomcat started on port(s): 8080 (http) with context path ''
2020-01-15 10:15:38.751  INFO 21212 --- [restartedMain] com.kxy.TsetDemo01Application            : Started TsetDemo01Application in 6.064 seconds (JVM running for 7.544)
2020-01-15 10:15:47.411  INFO 21212 --- [RMI TCP Connection(2)-127.0.0.1] inMXBeanRegistrar$SpringApplicationAdmin : Application shutdown requested.
2020-01-15 10:15:47.451  INFO 21212 --- [RMI TCP Connection(2)-127.0.0.1] o.s.s.concurrent.ThreadPoolTaskExecutor  : Shutting down ExecutorService 'applicationTaskExecutor'
2020-01-15 10:15:47.452  INFO 21212 --- [RMI TCP Connection(2)-127.0.0.1] com.zaxxer.hikari.HikariDataSource       : HikariPool-1 - Shutdown initiated...
2020-01-15 10:15:47.455  INFO 21212 --- [RMI TCP Connection(2)-127.0.0.1] com.zaxxer.hikari.HikariDataSource       : HikariPool-1 - Shutdown completed.
